1000685 99.9 mono_eu+
---tick---
1000685 99.9 mono_eu+
1000709 93.3 mono_eu+
1000715 20.0 mono_eu+
1000723 20.0 mono_eu+
1000732 20.0 mono_eu+
1000711 13.3 mono_eu+
1000714 13.3 mono_eu+
1000716 13.3 mono_eu+
1000718 13.3 mono_eu+
1000720 13.3 mono_eu+
1000730 13.3 mono_eu+
1000734 13.3 mono_eu+
1000735 13.3 mono_eu+
1000741 13.3 mono_eu+
1000712 6.7 mono_eu+
1000713 6.7 mono_eu+
1000717 6.7 mono_eu+
1000719 6.7 mono_eu+
1000721 6.7 mono_eu+
1000722 6.7 mono_eu+
1000724 6.7 mono_eu+
1000725 6.7 mono_eu+
1000726 6.7 mono_eu+
1000727 6.7 mono_eu+
1000728 6.7 mono_eu+
1000729 6.7 mono_eu+
1000731 6.7 mono_eu+
1000733 6.7 mono_eu+
1000736 6.7 mono_eu+
1000737 6.7 mono_eu+
1000738 6.7 mono_eu+
1000739 6.7 mono_eu+
1000740 6.7 mono_eu+
1000710 0.0 mono_eu+
---tick---
1000685 99.9 mono_eu+
1000709 93.3 mono_eu+
1000712 13.3 mono_eu+
1000713 13.3 mono_eu+
1000714 13.3 mono_eu+
1000715 13.3 mono_eu+
1000718 13.3 mono_eu+
1000719 13.3 mono_eu+
1000720 13.3 mono_eu+
1000721 13.3 mono_eu+
1000722 13.3 mono_eu+
1000723 13.3 mono_eu+
1000724 13.3 mono_eu+
1000731 13.3 mono_eu+
1000732 13.3 mono_eu+
1000734 13.3 mono_eu+
1000735 13.3 mono_eu+
1000736 13.3 mono_eu+
1000738 13.3 mono_eu+
1000739 13.3 mono_eu+
1000740 13.3 mono_eu+
1000711 6.7 mono_eu+
1000716 6.7 mono_eu+
1000717 6.7 mono_eu+
1000725 6.7 mono_eu+
1000726 6.7 mono_eu+
1000727 6.7 mono_eu+
1000728 6.7 mono_eu+
1000729 6.7 mono_eu+
1000730 6.7 mono_eu+
1000733 6.7 mono_eu+
1000737 6.7 mono_eu+
1000741 6.7 mono_eu+
1000710 0.0 mono_eu+
---tick---
1000685 93.3 mono_eu+
1000709 93.3 mono_eu+
1000726 20.0 mono_eu+
1000711 13.3 mono_eu+
1000719 13.3 mono_eu+
1000720 13.3 mono_eu+
1000723 13.3 mono_eu+
1000727 13.3 mono_eu+
1000729 13.3 mono_eu+
1000732 13.3 mono_eu+
1000734 13.3 mono_eu+
1000736 13.3 mono_eu+
1000737 13.3 mono_eu+
1000739 13.3 mono_eu+
1000741 13.3 mono_eu+
1000710 6.7 mono_eu+
1000712 6.7 mono_eu+
1000713 6.7 mono_eu+
1000714 6.7 mono_eu+
1000715 6.7 mono_eu+
1000716 6.7 mono_eu+
1000717 6.7 mono_eu+
1000718 6.7 mono_eu+
1000721 6.7 mono_eu+
1000722 6.7 mono_eu+
1000724 6.7 mono_eu+
1000725 6.7 mono_eu+
1000728 6.7 mono_eu+
1000730 6.7 mono_eu+
1000731 6.7 mono_eu+
1000733 6.7 mono_eu+
1000735 6.7 mono_eu+
1000738 6.7 mono_eu+
1000740 6.7 mono_eu+
---tick---
1000685 99.9 mono_eu+
1000715 20.0 mono_eu+
1000731 20.0 mono_eu+
1000738 20.0 mono_eu+
1000713 13.3 mono_eu+
1000717 13.3 mono_eu+
1000718 13.3 mono_eu+
1000719 13.3 mono_eu+
1000722 13.3 mono_eu+
1000723 13.3 mono_eu+
1000725 13.3 mono_eu+
1000727 13.3 mono_eu+
1000732 13.3 mono_eu+
1000733 13.3 mono_eu+
1000736 13.3 mono_eu+
1000737 13.3 mono_eu+
1000739 13.3 mono_eu+
1000711 6.7 mono_eu+
1000712 6.7 mono_eu+
1000714 6.7 mono_eu+
1000716 6.7 mono_eu+
1000720 6.7 mono_eu+
1000721 6.7 mono_eu+
1000724 6.7 mono_eu+
1000726 6.7 mono_eu+
1000728 6.7 mono_eu+
1000729 6.7 mono_eu+
1000730 6.7 mono_eu+
1000734 6.7 mono_eu+
1000735 6.7 mono_eu+
1000740 6.7 mono_eu+
1000741 6.7 mono_eu+
1000709 0.0 mono_eu+
1000710 0.0 mono_eu+
---tick---
1000685 99.9 mono_eu+
1000727 20.0 mono_eu+
1000711 13.3 mono_eu+
1000712 13.3 mono_eu+
1000713 13.3 mono_eu+
1000714 13.3 mono_eu+
1000715 13.3 mono_eu+
1000716 13.3 mono_eu+
1000717 13.3 mono_eu+
1000718 13.3 mono_eu+
1000721 13.3 mono_eu+
1000723 13.3 mono_eu+
1000724 13.3 mono_eu+
1000725 13.3 mono_eu+
1000726 13.3 mono_eu+
1000728 13.3 mono_eu+
1000729 13.3 mono_eu+
1000730 13.3 mono_eu+
1000733 13.3 mono_eu+
1000734 13.3 mono_eu+
1000736 13.3 mono_eu+
1000737 13.3 mono_eu+
1000740 13.3 mono_eu+
1000741 13.3 mono_eu+
1000719 6.7 mono_eu+
1000720 6.7 mono_eu+
1000722 6.7 mono_eu+
1000731 6.7 mono_eu+
1000732 6.7 mono_eu+
1000735 6.7 mono_eu+
1000738 6.7 mono_eu+
1000739 6.7 mono_eu+
1000709 0.0 mono_eu+
1000710 0.0 mono_eu+
---tick---
1000685 99.9 mono_eu+
1000721 20.0 mono_eu+
1000722 20.0 mono_eu+
1000714 13.3 mono_eu+
1000715 13.3 mono_eu+
1000716 13.3 mono_eu+
1000717 13.3 mono_eu+
1000718 13.3 mono_eu+
1000719 13.3 mono_eu+
1000723 13.3 mono_eu+
1000725 13.3 mono_eu+
1000726 13.3 mono_eu+
1000728 13.3 mono_eu+
1000730 13.3 mono_eu+
1000731 13.3 mono_eu+
1000732 13.3 mono_eu+
1000733 13.3 mono_eu+
1000734 13.3 mono_eu+
1000735 13.3 mono_eu+
1000736 13.3 mono_eu+
1000737 13.3 mono_eu+
1000739 13.3 mono_eu+
1000740 13.3 mono_eu+
1000741 13.3 mono_eu+
1000711 6.7 mono_eu+
1000712 6.7 mono_eu+
1000713 6.7 mono_eu+
1000720 6.7 mono_eu+
1000724 6.7 mono_eu+
1000727 6.7 mono_eu+
1000729 6.7 mono_eu+
1000738 6.7 mono_eu+
1000709 0.0 mono_eu+
1000710 0.0 mono_eu+
---tick---
1000685 93.8 mono_eu+
1000709 87.5 mono_eu+
1000712 12.5 mono_eu+
1000714 12.5 mono_eu+
1000716 12.5 mono_eu+
1000717 12.5 mono_eu+
1000720 12.5 mono_eu+
1000721 12.5 mono_eu+
1000723 12.5 mono_eu+
1000728 12.5 mono_eu+
1000731 12.5 mono_eu+
1000735 12.5 mono_eu+
1000738 12.5 mono_eu+
1000740 12.5 mono_eu+
1000741 12.5 mono_eu+
1000711 6.2 mono_eu+
1000713 6.2 mono_eu+
1000715 6.2 mono_eu+
1000718 6.2 mono_eu+
1000719 6.2 mono_eu+
1000722 6.2 mono_eu+
1000724 6.2 mono_eu+
1000725 6.2 mono_eu+
1000726 6.2 mono_eu+
1000727 6.2 mono_eu+
1000729 6.2 mono_eu+
1000730 6.2 mono_eu+
1000732 6.2 mono_eu+
1000733 6.2 mono_eu+
1000734 6.2 mono_eu+
1000736 6.2 mono_eu+
1000737 6.2 mono_eu+
1000739 6.2 mono_eu+
1000710 0.0 mono_eu+
---tick---
1000685 99.9 mono_eu+
1000709 99.9 mono_eu+
1000713 20.0 mono_eu+
1000725 20.0 mono_eu+
1000731 20.0 mono_eu+
1000711 13.3 mono_eu+
1000714 13.3 mono_eu+
1000717 13.3 mono_eu+
1000718 13.3 mono_eu+
1000722 13.3 mono_eu+
1000724 13.3 mono_eu+
1000729 13.3 mono_eu+
1000730 13.3 mono_eu+
1000734 13.3 mono_eu+
1000735 13.3 mono_eu+
1000736 13.3 mono_eu+
1000738 13.3 mono_eu+
1000739 13.3 mono_eu+
1000741 13.3 mono_eu+
1000712 6.7 mono_eu+
1000715 6.7 mono_eu+
1000716 6.7 mono_eu+
1000719 6.7 mono_eu+
1000720 6.7 mono_eu+
1000721 6.7 mono_eu+
1000723 6.7 mono_eu+
1000726 6.7 mono_eu+
1000727 6.7 mono_eu+
1000728 6.7 mono_eu+
1000732 6.7 mono_eu+
1000733 6.7 mono_eu+
1000737 6.7 mono_eu+
1000740 6.7 mono_eu+
1000710 0.0 mono_eu+
---tick---
1000685 99.9 mono_eu+
1000709 80.0 mono_eu+
1000713 20.0 mono_eu+
1000726 20.0 mono_eu+
1000729 20.0 mono_eu+
1000711 13.3 mono_eu+
1000712 13.3 mono_eu+
1000714 13.3 mono_eu+
1000715 13.3 mono_eu+
1000716 13.3 mono_eu+
1000717 13.3 mono_eu+
1000719 13.3 mono_eu+
1000720 13.3 mono_eu+
1000721 13.3 mono_eu+
1000723 13.3 mono_eu+
1000725 13.3 mono_eu+
1000728 13.3 mono_eu+
1000732 13.3 mono_eu+
1000733 13.3 mono_eu+
1000734 13.3 mono_eu+
1000735 13.3 mono_eu+
1000737 13.3 mono_eu+
1000739 13.3 mono_eu+
1000740 13.3 mono_eu+
1000741 13.3 mono_eu+
1000718 6.7 mono_eu+
1000722 6.7 mono_eu+
1000724 6.7 mono_eu+
1000727 6.7 mono_eu+
1000730 6.7 mono_eu+
1000731 6.7 mono_eu+
1000736 6.7 mono_eu+
1000738 6.7 mono_eu+
1000710 0.0 mono_eu+
---tick---
1000685 99.9 mono_eu+
1000709 73.3 mono_eu+
1000718 20.0 mono_eu+
1000720 20.0 mono_eu+
1000713 13.3 mono_eu+
1000714 13.3 mono_eu+
1000716 13.3 mono_eu+
1000719 13.3 mono_eu+
1000721 13.3 mono_eu+
1000724 13.3 mono_eu+
1000725 13.3 mono_eu+
1000726 13.3 mono_eu+
1000727 13.3 mono_eu+
1000728 13.3 mono_eu+
1000731 13.3 mono_eu+
1000732 13.3 mono_eu+
1000733 13.3 mono_eu+
1000734 13.3 mono_eu+
1000735 13.3 mono_eu+
1000736 13.3 mono_eu+
1000737 13.3 mono_eu+
1000738 13.3 mono_eu+
1000739 13.3 mono_eu+
1000740 13.3 mono_eu+
1000711 6.7 mono_eu+
1000712 6.7 mono_eu+
1000715 6.7 mono_eu+
1000717 6.7 mono_eu+
1000722 6.7 mono_eu+
1000723 6.7 mono_eu+
1000729 6.7 mono_eu+
1000730 6.7 mono_eu+
1000741 6.7 mono_eu+
1000710 0.0 mono_eu+
---tick---
1000685 99.9 mono_eu+
1000709 73.3 mono_eu+
1000717 20.0 mono_eu+
1000720 20.0 mono_eu+
1000725 20.0 mono_eu+
1000711 13.3 mono_eu+
1000718 13.3 mono_eu+
1000719 13.3 mono_eu+
1000721 13.3 mono_eu+
1000722 13.3 mono_eu+
1000727 13.3 mono_eu+
1000729 13.3 mono_eu+
1000730 13.3 mono_eu+
1000731 13.3 mono_eu+
1000732 13.3 mono_eu+
1000733 13.3 mono_eu+
1000734 13.3 mono_eu+
1000735 13.3 mono_eu+
1000737 13.3 mono_eu+
1000738 13.3 mono_eu+
1000739 13.3 mono_eu+
1000741 13.3 mono_eu+
1000710 6.7 mono_eu+
1000712 6.7 mono_eu+
1000713 6.7 mono_eu+
1000714 6.7 mono_eu+
1000715 6.7 mono_eu+
1000716 6.7 mono_eu+
1000723 6.7 mono_eu+
1000724 6.7 mono_eu+
1000726 6.7 mono_eu+
1000728 6.7 mono_eu+
1000736 6.7 mono_eu+
1000740 6.7 mono_eu+
---tick---
1000685 99.9 mono_eu+
1000709 60.0 mono_eu+
1000726 20.0 mono_eu+
1000711 13.3 mono_eu+
1000716 13.3 mono_eu+
1000719 13.3 mono_eu+
1000720 13.3 mono_eu+
1000724 13.3 mono_eu+
1000727 13.3 mono_eu+
1000728 13.3 mono_eu+
1000729 13.3 mono_eu+
1000731 13.3 mono_eu+
1000740 13.3 mono_eu+
1000710 6.7 mono_eu+
1000712 6.7 mono_eu+
1000713 6.7 mono_eu+
1000714 6.7 mono_eu+
1000715 6.7 mono_eu+
1000717 6.7 mono_eu+
1000718 6.7 mono_eu+
1000721 6.7 mono_eu+
1000722 6.7 mono_eu+
1000723 6.7 mono_eu+
1000725 6.7 mono_eu+
1000730 6.7 mono_eu+
1000732 6.7 mono_eu+
1000733 6.7 mono_eu+
1000734 6.7 mono_eu+
1000735 6.7 mono_eu+
1000736 6.7 mono_eu+
1000737 6.7 mono_eu+
1000738 6.7 mono_eu+
1000739 6.7 mono_eu+
1000741 6.7 mono_eu+
---tick---
1000685 99.9 mono_eu+
1000709 93.3 mono_eu+
1000720 13.3 mono_eu+
1000721 13.3 mono_eu+
1000723 13.3 mono_eu+
1000725 13.3 mono_eu+
1000726 13.3 mono_eu+
1000727 13.3 mono_eu+
1000730 13.3 mono_eu+
1000735 13.3 mono_eu+
1000736 13.3 mono_eu+
1000737 13.3 mono_eu+
1000738 13.3 mono_eu+
1000739 13.3 mono_eu+
1000710 6.7 mono_eu+
1000711 6.7 mono_eu+
1000712 6.7 mono_eu+
1000713 6.7 mono_eu+
1000714 6.7 mono_eu+
1000715 6.7 mono_eu+
1000716 6.7 mono_eu+
1000717 6.7 mono_eu+
1000718 6.7 mono_eu+
1000719 6.7 mono_eu+
1000722 6.7 mono_eu+
1000724 6.7 mono_eu+
1000728 6.7 mono_eu+
1000729 6.7 mono_eu+
1000731 6.7 mono_eu+
1000732 6.7 mono_eu+
1000733 6.7 mono_eu+
1000734 6.7 mono_eu+
1000740 6.7 mono_eu+
1000741 6.7 mono_eu+
---tick---
1000685 87.5 mono_eu+
1000709 87.5 mono_eu+
1000713 18.8 mono_eu+
1000723 18.8 mono_eu+
1000712 12.5 mono_eu+
1000714 12.5 mono_eu+
1000716 12.5 mono_eu+
1000719 12.5 mono_eu+
1000726 12.5 mono_eu+
1000727 12.5 mono_eu+
1000728 12.5 mono_eu+
1000730 12.5 mono_eu+
1000732 12.5 mono_eu+
1000733 12.5 mono_eu+
1000734 12.5 mono_eu+
1000735 12.5 mono_eu+
1000738 12.5 mono_eu+
1000740 12.5 mono_eu+
1000711 6.2 mono_eu+
1000715 6.2 mono_eu+
1000717 6.2 mono_eu+
1000718 6.2 mono_eu+
1000720 6.2 mono_eu+
1000721 6.2 mono_eu+
1000722 6.2 mono_eu+
1000724 6.2 mono_eu+
1000725 6.2 mono_eu+
1000729 6.2 mono_eu+
1000731 6.2 mono_eu+
1000736 6.2 mono_eu+
1000737 6.2 mono_eu+
1000739 6.2 mono_eu+
1000741 6.2 mono_eu+
1000710 0.0 mono_eu+
---tick---
1000685 99.9 mono_eu+
1000709 46.7 mono_eu+
1000729 20.0 mono_eu+
1000734 20.0 mono_eu+
1000735 20.0 mono_eu+
1000716 13.3 mono_eu+
1000720 13.3 mono_eu+
1000725 13.3 mono_eu+
1000728 13.3 mono_eu+
1000730 13.3 mono_eu+
1000733 13.3 mono_eu+
1000736 13.3 mono_eu+
1000738 13.3 mono_eu+
1000739 13.3 mono_eu+
1000740 13.3 mono_eu+
1000741 13.3 mono_eu+
1000711 6.7 mono_eu+
1000712 6.7 mono_eu+
1000713 6.7 mono_eu+
1000714 6.7 mono_eu+
1000715 6.7 mono_eu+
1000717 6.7 mono_eu+
1000718 6.7 mono_eu+
1000719 6.7 mono_eu+
1000721 6.7 mono_eu+
1000722 6.7 mono_eu+
1000723 6.7 mono_eu+
1000724 6.7 mono_eu+
1000726 6.7 mono_eu+
1000727 6.7 mono_eu+
1000731 6.7 mono_eu+
1000732 6.7 mono_eu+
1000737 6.7 mono_eu+
1000710 0.0 mono_eu+
---tick---
1000685 99.9 mono_eu+
1000709 99.9 mono_eu+
1000714 13.3 mono_eu+
1000715 13.3 mono_eu+
1000732 13.3 mono_eu+
1000740 13.3 mono_eu+
1000741 13.3 mono_eu+
1000711 6.7 mono_eu+
1000712 6.7 mono_eu+
1000713 6.7 mono_eu+
1000716 6.7 mono_eu+
1000717 6.7 mono_eu+
1000718 6.7 mono_eu+
1000719 6.7 mono_eu+
1000720 6.7 mono_eu+
1000721 6.7 mono_eu+
1000722 6.7 mono_eu+
1000723 6.7 mono_eu+
1000724 6.7 mono_eu+
1000725 6.7 mono_eu+
1000726 6.7 mono_eu+
1000727 6.7 mono_eu+
1000728 6.7 mono_eu+
1000729 6.7 mono_eu+
1000730 6.7 mono_eu+
1000731 6.7 mono_eu+
1000733 6.7 mono_eu+
1000734 6.7 mono_eu+
1000735 6.7 mono_eu+
1000736 6.7 mono_eu+
1000737 6.7 mono_eu+
1000738 6.7 mono_eu+
1000739 6.7 mono_eu+
1000710 0.0 mono_eu+
---tick---
1000685 93.3 mono_eu+
1000709 60.0 mono_eu+
1000712 13.3 mono_eu+
1000713 13.3 mono_eu+
1000719 13.3 mono_eu+
1000722 13.3 mono_eu+
1000723 13.3 mono_eu+
1000725 13.3 mono_eu+
1000729 13.3 mono_eu+
1000730 13.3 mono_eu+
1000732 13.3 mono_eu+
1000735 13.3 mono_eu+
1000740 13.3 mono_eu+
1000741 13.3 mono_eu+
1000711 6.7 mono_eu+
1000714 6.7 mono_eu+
1000715 6.7 mono_eu+
1000716 6.7 mono_eu+
1000717 6.7 mono_eu+
1000718 6.7 mono_eu+
1000720 6.7 mono_eu+
1000721 6.7 mono_eu+
1000724 6.7 mono_eu+
1000726 6.7 mono_eu+
1000727 6.7 mono_eu+
1000728 6.7 mono_eu+
1000731 6.7 mono_eu+
1000733 6.7 mono_eu+
1000734 6.7 mono_eu+
1000736 6.7 mono_eu+
1000737 6.7 mono_eu+
1000738 6.7 mono_eu+
1000739 6.7 mono_eu+
1000710 0.0 mono_eu+
---tick---
1000685 99.9 mono_eu+
1000709 99.9 mono_eu+
1000740 20.0 mono_eu+
1000721 13.3 mono_eu+
1000722 13.3 mono_eu+
1000726 13.3 mono_eu+
1000728 13.3 mono_eu+
1000731 13.3 mono_eu+
1000732 13.3 mono_eu+
1000735 13.3 mono_eu+
1000737 13.3 mono_eu+
1000738 13.3 mono_eu+
1000739 13.3 mono_eu+
1000711 6.7 mono_eu+
1000712 6.7 mono_eu+
1000713 6.7 mono_eu+
1000714 6.7 mono_eu+
1000715 6.7 mono_eu+
1000716 6.7 mono_eu+
1000717 6.7 mono_eu+
1000718 6.7 mono_eu+
1000719 6.7 mono_eu+
1000720 6.7 mono_eu+
1000723 6.7 mono_eu+
1000724 6.7 mono_eu+
1000725 6.7 mono_eu+
1000727 6.7 mono_eu+
1000729 6.7 mono_eu+
1000730 6.7 mono_eu+
1000733 6.7 mono_eu+
1000734 6.7 mono_eu+
1000736 6.7 mono_eu+
1000741 6.7 mono_eu+
1000710 0.0 mono_eu+
---tick---
1000685 93.3 mono_eu+
1000709 93.3 mono_eu+
1000719 13.3 mono_eu+
1000720 13.3 mono_eu+
1000722 13.3 mono_eu+
1000724 13.3 mono_eu+
1000738 13.3 mono_eu+
1000739 13.3 mono_eu+
1000741 13.3 mono_eu+
1000711 6.7 mono_eu+
1000712 6.7 mono_eu+
1000713 6.7 mono_eu+
1000714 6.7 mono_eu+
1000715 6.7 mono_eu+
1000716 6.7 mono_eu+
1000717 6.7 mono_eu+
1000718 6.7 mono_eu+
1000721 6.7 mono_eu+
1000723 6.7 mono_eu+
1000725 6.7 mono_eu+
1000727 6.7 mono_eu+
1000728 6.7 mono_eu+
1000729 6.7 mono_eu+
1000730 6.7 mono_eu+
1000731 6.7 mono_eu+
1000732 6.7 mono_eu+
1000733 6.7 mono_eu+
1000734 6.7 mono_eu+
1000735 6.7 mono_eu+
1000736 6.7 mono_eu+
1000737 6.7 mono_eu+
1000740 6.7 mono_eu+
1000710 0.0 mono_eu+
1000726 0.0 mono_eu+
---tick---
1000685 99.9 mono_eu+
1000734 13.3 mono_eu+
1000713 6.7 mono_eu+
1000714 6.7 mono_eu+
1000715 6.7 mono_eu+
1000716 6.7 mono_eu+
1000719 6.7 mono_eu+
1000721 6.7 mono_eu+
1000723 6.7 mono_eu+
1000724 6.7 mono_eu+
1000725 6.7 mono_eu+
1000728 6.7 mono_eu+
1000730 6.7 mono_eu+
1000731 6.7 mono_eu+
1000732 6.7 mono_eu+
1000735 6.7 mono_eu+
1000736 6.7 mono_eu+
1000737 6.7 mono_eu+
1000740 6.7 mono_eu+
1000741 6.7 mono_eu+
1000709 0.0 mono_eu+
1000710 0.0 mono_eu+
1000711 0.0 mono_eu+
1000712 0.0 mono_eu+
1000717 0.0 mono_eu+
1000718 0.0 mono_eu+
1000720 0.0 mono_eu+
1000722 0.0 mono_eu+
1000726 0.0 mono_eu+
1000727 0.0 mono_eu+
1000729 0.0 mono_eu+
1000733 0.0 mono_eu+
1000738 0.0 mono_eu+
1000739 0.0 mono_eu+
---tick---
1000685 99.9 mono_eu+
1000709 86.7 mono_eu+
1000723 13.3 mono_eu+
1000735 13.3 mono_eu+
1000711 6.7 mono_eu+
1000712 6.7 mono_eu+
1000713 6.7 mono_eu+
1000714 6.7 mono_eu+
1000715 6.7 mono_eu+
1000716 6.7 mono_eu+
1000718 6.7 mono_eu+
1000720 6.7 mono_eu+
1000721 6.7 mono_eu+
1000722 6.7 mono_eu+
1000724 6.7 mono_eu+
1000726 6.7 mono_eu+
1000728 6.7 mono_eu+
1000730 6.7 mono_eu+
1000731 6.7 mono_eu+
1000732 6.7 mono_eu+
1000733 6.7 mono_eu+
1000734 6.7 mono_eu+
1000737 6.7 mono_eu+
1000738 6.7 mono_eu+
1000739 6.7 mono_eu+
1000740 6.7 mono_eu+
1000741 6.7 mono_eu+
1000710 0.0 mono_eu+
1000717 0.0 mono_eu+
1000719 0.0 mono_eu+
1000725 0.0 mono_eu+
1000727 0.0 mono_eu+
1000729 0.0 mono_eu+
1000736 0.0 mono_eu+
---tick---
1000685 93.3 mono_eu+
1000709 73.3 mono_eu+
1000726 20.0 mono_eu+
1000718 13.3 mono_eu+
1000725 13.3 mono_eu+
1000729 13.3 mono_eu+
1000730 13.3 mono_eu+
1000731 13.3 mono_eu+
1000734 13.3 mono_eu+
1000736 13.3 mono_eu+
1000711 6.7 mono_eu+
1000712 6.7 mono_eu+
1000713 6.7 mono_eu+
1000714 6.7 mono_eu+
1000715 6.7 mono_eu+
1000716 6.7 mono_eu+
1000717 6.7 mono_eu+
1000719 6.7 mono_eu+
1000720 6.7 mono_eu+
1000721 6.7 mono_eu+
1000722 6.7 mono_eu+
1000723 6.7 mono_eu+
1000724 6.7 mono_eu+
1000727 6.7 mono_eu+
1000728 6.7 mono_eu+
1000732 6.7 mono_eu+
1000733 6.7 mono_eu+
1000735 6.7 mono_eu+
1000737 6.7 mono_eu+
1000738 6.7 mono_eu+
1000739 6.7 mono_eu+
1000740 6.7 mono_eu+
1000741 6.7 mono_eu+
1000710 0.0 mono_eu+
---tick---
1000685 99.9 mono_eu+
1000709 99.9 mono_eu+
1000738 13.3 mono_eu+
1000711 6.7 mono_eu+
1000713 6.7 mono_eu+
1000714 6.7 mono_eu+
1000715 6.7 mono_eu+
1000716 6.7 mono_eu+
1000717 6.7 mono_eu+
1000718 6.7 mono_eu+
1000719 6.7 mono_eu+
1000720 6.7 mono_eu+
1000721 6.7 mono_eu+
1000722 6.7 mono_eu+
1000724 6.7 mono_eu+
1000725 6.7 mono_eu+
1000727 6.7 mono_eu+
1000728 6.7 mono_eu+
1000729 6.7 mono_eu+
1000730 6.7 mono_eu+
1000731 6.7 mono_eu+
1000732 6.7 mono_eu+
1000733 6.7 mono_eu+
1000734 6.7 mono_eu+
1000735 6.7 mono_eu+
1000736 6.7 mono_eu+
1000737 6.7 mono_eu+
1000739 6.7 mono_eu+
1000740 6.7 mono_eu+
1000741 6.7 mono_eu+
1000710 0.0 mono_eu+
1000712 0.0 mono_eu+
1000723 0.0 mono_eu+
1000726 0.0 mono_eu+
---tick---
1000685 99.9 mono_eu+
1000709 99.9 mono_eu+
1000718 13.3 mono_eu+
1000719 13.3 mono_eu+
1000724 13.3 mono_eu+
1000730 13.3 mono_eu+
1000731 13.3 mono_eu+
1000711 6.7 mono_eu+
1000712 6.7 mono_eu+
1000714 6.7 mono_eu+
1000715 6.7 mono_eu+
1000716 6.7 mono_eu+
1000717 6.7 mono_eu+
1000720 6.7 mono_eu+
1000721 6.7 mono_eu+
1000722 6.7 mono_eu+
1000723 6.7 mono_eu+
1000725 6.7 mono_eu+
1000726 6.7 mono_eu+
1000727 6.7 mono_eu+
1000728 6.7 mono_eu+
1000729 6.7 mono_eu+
1000732 6.7 mono_eu+
1000733 6.7 mono_eu+
1000734 6.7 mono_eu+
1000735 6.7 mono_eu+
1000736 6.7 mono_eu+
1000737 6.7 mono_eu+
1000738 6.7 mono_eu+
1000739 6.7 mono_eu+
1000740 6.7 mono_eu+
1000741 6.7 mono_eu+
1000710 0.0 mono_eu+
1000713 0.0 mono_eu+
---tick---
1000685 99.9 mono_eu+
1000709 93.3 mono_eu+
1000713 13.3 mono_eu+
1000711 6.7 mono_eu+
1000712 6.7 mono_eu+
1000714 6.7 mono_eu+
1000716 6.7 mono_eu+
1000717 6.7 mono_eu+
1000719 6.7 mono_eu+
1000720 6.7 mono_eu+
1000723 6.7 mono_eu+
1000724 6.7 mono_eu+
1000725 6.7 mono_eu+
1000726 6.7 mono_eu+
1000729 6.7 mono_eu+
1000730 6.7 mono_eu+
1000734 6.7 mono_eu+
1000736 6.7 mono_eu+
1000737 6.7 mono_eu+
1000739 6.7 mono_eu+
1000740 6.7 mono_eu+
1000741 6.7 mono_eu+
1000710 0.0 mono_eu+
1000715 0.0 mono_eu+
1000718 0.0 mono_eu+
1000721 0.0 mono_eu+
1000722 0.0 mono_eu+
1000727 0.0 mono_eu+
1000728 0.0 mono_eu+
1000731 0.0 mono_eu+
1000732 0.0 mono_eu+
1000733 0.0 mono_eu+
1000735 0.0 mono_eu+
1000738 0.0 mono_eu+
---tick---
1000685 99.9 mono_eu+
1000709 93.3 mono_eu+
1000716 13.3 mono_eu+
1000718 13.3 mono_eu+
1000728 13.3 mono_eu+
1000730 13.3 mono_eu+
1000711 6.7 mono_eu+
1000713 6.7 mono_eu+
1000714 6.7 mono_eu+
1000715 6.7 mono_eu+
1000717 6.7 mono_eu+
1000720 6.7 mono_eu+
1000721 6.7 mono_eu+
1000722 6.7 mono_eu+
1000723 6.7 mono_eu+
1000727 6.7 mono_eu+
1000729 6.7 mono_eu+
1000733 6.7 mono_eu+
1000736 6.7 mono_eu+
1000737 6.7 mono_eu+
1000739 6.7 mono_eu+
1000741 6.7 mono_eu+
1000710 0.0 mono_eu+
1000712 0.0 mono_eu+
1000719 0.0 mono_eu+
1000724 0.0 mono_eu+
1000725 0.0 mono_eu+
1000726 0.0 mono_eu+
1000731 0.0 mono_eu+
1000732 0.0 mono_eu+
1000734 0.0 mono_eu+
1000735 0.0 mono_eu+
1000738 0.0 mono_eu+
1000740 0.0 mono_eu+
---tick---
