Camera1.k3 optional parameter does not exist...
Viewer.imageViewScale optional parameter does not exist...
System.LoadAtlasFromFile optional parameter does not exist...
System.SaveAtlasToFile optional parameter does not exist...
System.thFarPoints optional parameter does not exist...
=== ORB-SLAM3 TRACK STATS (n=3682 frames) ===
track_mean_ms=9.33862
track_median_ms=8.30638
track_min_ms=5.90651
track_max_ms=529.93
track_p95_ms=12.7291
track_total_s=34.3848
implied_max_fps_median=120.389
implied_max_fps_mean=107.082
	Command being timed: "/home/kyle/Documents/GitHub/orbslam3-imx95/orbslam3/ORB_SLAM3/Examples/Monocular/mono_euroc /home/kyle/Documents/GitHub/orbslam3-imx95/orbslam3/ORB_SLAM3/Vocabulary/ORBvoc.txt /home/kyle/Documents/GitHub/orbslam3-imx95/orbslam3/ORB_SLAM3/Examples/Monocular/EuRoC.yaml /home/kyle/Documents/GitHub/orbslam3-imx95/datasets/MH_01 /home/kyle/Documents/GitHub/orbslam3-imx95/orbslam3/ORB_SLAM3/Examples/Monocular/EuRoC_TimeStamps/MH01.txt"
	User time (seconds): 205.49
	System time (seconds): 7.22
	Percent of CPU this job got: 107%
	Elapsed (wall clock) time (h:mm:ss or m:ss): 3:17.75
	Average shared text size (kbytes): 0
	Average unshared data size (kbytes): 0
	Average stack size (kbytes): 0
	Average total size (kbytes): 0
	Maximum resident set size (kbytes): 1073628
	Average resident set size (kbytes): 0
	Major (requiring I/O) page faults: 281
	Minor (reclaiming a frame) page faults: 608286
	Voluntary context switches: 597299
	Involuntary context switches: 333359
	Swaps: 0
	File system inputs: 78120
	File system outputs: 936
	Socket messages sent: 0
	Socket messages received: 0
	Signals delivered: 0
	Page size (bytes): 4096
	Exit status: 0
